[06:06:31] Pipeline started: 2026-07-18T06:06:31.265Z
[06:06:31] Steps: 6a, 6b, 6c, 6d, 6e, 7a, 7b, 7c, 8, 9, 10
[06:06:31] Log: /home/dennis/code/3d/tools/results/pipeline.log
[06:06:31] 
[06:06:31] ── Step 6a: Export solar measurements (~2 hr) ──
   
[08:03:02]    ✓ Step 6a: Export solar measurements (~2 hr) (6991.1s)
[08:03:02] ── Step 6b: Obliquity harmonics ──
   ═══════════════════════════════════════════════════════════════
     OBLIQUITY HARMONIC FIT
   ═══════════════════════════════════════════════════════════════
   
   Model parameters (from constants.js):
     earthtiltMean                    = 23.41353942374053°
     earthInvPlaneInclinationAmplitude = 0.6360412216221447°
     earthInvPlaneInclinationMean     = 1.4811344761388145°
     earthRAAngle (derived)           = 1.254804°
     H                                = 335317
     balancedYear                     = -302635
   
   Pythagorean obliquity mean (time-average): 23.45376188°
   CSV header: Type,Model Year,JD,RA (deg),Obliquity (deg),World Angle (deg),Distance (AU)
   Downsampled (J2000-anchored): 335318 → 14580 points (step=23)
   SS data points: 14580
   Year range: -302635 to 32682
   Obliquity range: 22.209865° to 24.716752°
   
   Data-derived solstice mean:               23.45339430°
   Pythagorean mean:                          23.45376188°
   Difference (Pythagorean − data):           1.323"
   SOLSTICE_OBLIQUITY_MEAN (constants.js):     23.45326295°
   Raw RMSE (mean only): 2288.7"
   
   ── Fit with current 16 harmonics [2,3,5,6,8,9,11,13,14,16,17,19,22,24,27,32] ──
   RMSE: 0.004"
   
   Coefficients:
     [ 2,  -0.00000263,  -0.00006183],  // H/2  amp=0.2"
     [ 3,  +0.03213486,  -0.63489718],  // H/3  amp=2288.6"
     [ 5,  -0.00007681,  -0.00814590],  // H/5  amp=29.3"
     [ 6,  +0.00044906,  -0.00404437],  // H/6  amp=14.6"
     [ 8,  -0.03216505,  +0.63491493],  // H/8  amp=2288.6"
     [ 9,  +0.00000884,  -0.00005459],  // H/9  amp=0.2"
     [11,  -0.00089867,  +0.00809040],  // H/11  amp=29.3"
     [13,  -0.00000166,  +0.00004246],  // H/13  amp=0.2"
     [14,  -0.00002655,  +0.00016384],  // H/14  amp=0.6"
     [16,  +0.00044950,  -0.00404469],  // H/16  amp=14.7"
     [17,  -0.00000079,  +0.00000362],  // H/17  amp=0.0"
     [19,  +0.00002657,  -0.00016394],  // H/19  amp=0.6"
     [22,  +0.00000117,  -0.00000543],  // H/22  amp=0.0"
     [24,  -0.00000888,  +0.00005485],  // H/24  amp=0.2"
     [27,  -0.00000079,  +0.00000363],  // H/27  amp=0.0"
     [32,  +0.00000020,  -0.00000091],  // H/32  amp=0.0"
   
   Coefficient changes vs constants.js:
     H/3: Δsin=+0.13", Δcos=-0.00"
     H/8: Δsin=-0.34", Δcos=-0.01"
   
   Obliquity at J2000: 23.439292° (IAU 2006: 23.439291111°)
   J2000 error: 0.00"
   
   ── Greedy harmonic selection (start from 5 Fibonacci) ──
   
     Base (5 harmonics): RMSE = 23.175"
     + H/11 (amp=29.3"): RMSE = 10.379" [3,5,8,11,13,16]
     + H/6 (amp=14.6"): RMSE = 0.650" [3,5,6,8,11,13,16]
     + H/19 (amp=0.6"): RMSE = 0.494" [3,5,6,8,11,13,16,19]
     + H/14 (amp=0.6"): RMSE = 0.255" [3,5,6,8,11,13,14,16,19]
     + H/2 (amp=0.2"): RMSE = 0.201" [2,3,5,6,8,11,13,14,16,19]
     + H/24 (amp=0.2"): RMSE = 0.142" [2,3,5,6,8,11,13,14,16,19,24]
     + H/9 (amp=0.2"): RMSE = 0.020" [2,3,5,6,8,9,11,13,14,16,19,24]
     + H/22 (amp=0.0"): RMSE = 0.014" [2,3,5,6,8,9,11,13,14,16,19,22,24]
     + H/27 (amp=0.0"): RMSE = 0.011" [2,3,5,6,8,9,11,13,14,16,19,22,24,27]
     + H/17 (amp=0.0"): RMSE = 0.005" [2,3,5,6,8,9,11,13,14,16,17,19,22,24,27]
     + H/32 (amp=0.0"): RMSE = 0.004" [2,3,5,6,8,9,11,13,14,16,17,19,22,24,27,32]
   
   Final (16 harmonics): RMSE = 0.004"
   
   Coefficients:
     [ 2,  -0.00000263,  -0.00006183],  // H/2  amp=0.2"
     [ 3,  +0.03213486,  -0.63489718],  // H/3  amp=2288.6"
     [ 5,  -0.00007681,  -0.00814590],  // H/5  amp=29.3"
     [ 6,  +0.00044906,  -0.00404437],  // H/6  amp=14.6"
     [ 8,  -0.03216505,  +0.63491493],  // H/8  amp=2288.6"
     [ 9,  +0.00000884,  -0.00005459],  // H/9  amp=0.2"
     [11,  -0.00089867,  +0.00809040],  // H/11  amp=29.3"
     [13,  -0.00000166,  +0.00004246],  // H/13  amp=0.2"
     [14,  -0.00002655,  +0.00016384],  // H/14  amp=0.6"
     [16,  +0.00044950,  -0.00404469],  // H/16  amp=14.7"
     [17,  -0.00000079,  +0.00000362],  // H/17  amp=0.0"
     [19,  +0.00002657,  -0.00016394],  // H/19  amp=0.6"
     [22,  +0.00000117,  -0.00000543],  // H/22  amp=0.0"
     [24,  -0.00000888,  +0.00005485],  // H/24  amp=0.2"
     [27,  -0.00000079,  +0.00000363],  // H/27  amp=0.0"
     [32,  +0.00000020,  -0.00000091],  // H/32  amp=0.0"
   
   Obliquity at J2000: 23.439292° (IAU 2006: 23.439291111°)
   J2000 error: 0.00"
   
   ═══════════════════════════════════════════════════════════════
     COPY-PASTE OUTPUT (best fit)
   ═══════════════════════════════════════════════════════════════
   
   // Pythagorean obliquity mean: 23.453394°
   const OBLIQUITY_HARMONICS = [
     [ 2,  -0.00000263,  -0.00006183],  // H/2  amp=0.2"
     [ 3,   0.03213486,  -0.63489718],  // H/3  amp=2288.6" [Fib]
     [ 5,  -0.00007681,  -0.00814590],  // H/5  amp=29.3" [Fib]
     [ 6,   0.00044906,  -0.00404437],  // H/6  amp=14.6" 2×(H/3)
     [ 8,  -0.03216505,   0.63491493],  // H/8  amp=2288.6" [Fib]
     [ 9,   0.00000884,  -0.00005459],  // H/9  amp=0.2"
     [11,  -0.00089867,   0.00809040],  // H/11  amp=29.3" H/3+H/8
     [13,  -0.00000166,   0.00004246],  // H/13  amp=0.2" [Fib]
     [14,  -0.00002655,   0.00016384],  // H/14  amp=0.6"
     [16,   0.00044950,  -0.00404469],  // H/16  amp=14.7" [Fib]
     [17,  -0.00000079,   0.00000362],  // H/17  amp=0.0"
     [19,   0.00002657,  -0.00016394],  // H/19  amp=0.6" H/3+H/16
     [22,   0.00000117,  -0.00000543],  // H/22  amp=0.0"
     [24,  -0.00000888,   0.00005485],  // H/24  amp=0.2" H/8+H/16
     [27,  -0.00000079,   0.00000363],  // H/27  amp=0.0"
     [32,   0.00000020,  -0.00000091],  // H/32  amp=0.0" 2×(H/16)
   ];
   
   ── Smart anchor (J2000) ──
     IAU obliquity at J2000: 23.439291°
     Harmonics at J2000:     -50.77"
     Data-derived mean:      23.453394°
     Adjusted mean:          23.453393°
     Shift:                  -0.00"
     Verify at J2000:        23.439291° (IAU: 23.439291°, diff: 0.0000")
     Verify at grid 2000: 23.439291° (IAU: 23.439291°, diff: 0.0000")
   
     ✓ Written SOLSTICE_OBLIQUITY_MEAN_FITTED = 23.45339323° to fitted-coefficients.json
     ✓ Written SOLSTICE_OBLIQUITY_HARMONICS to fitted-coefficients.json
[08:04:24]    ✓ Step 6b: Obliquity harmonics (81.7s)
[08:04:24] ── Step 6c: Cardinal point harmonics (~40 min) ──
   ═══════════════════════════════════════════════════════════════
     CARDINAL POINT JD HARMONIC FIT
   ═══════════════════════════════════════════════════════════════
   
   Using constants.js: H=335317, balancedYear=-302635
   meanSolarYearDays=365.24220364610204
   Grid year (nearest to J2000): 2000 (delta=0yr)
     SS anchor: J2000=2451716.575 → grid=2451716.575
     WS anchor: J2000=2451900.066 → grid=2451900.068
     VE anchor: J2000=2451623.817 → grid=2451623.738
     AE anchor: J2000=2451810.224 → grid=2451810.305
   CSV: 2011908 rows
   Downsampled (J2000-anchored): 335318 → 14580 per type (step=23)
   
   ── SS (14580 points, anchor=2451716.576 at year 2000) ──
     Current 24 harmonics [2,3,4,5,6,7,8,9,10,11,12,13,14,15,16,17,18,19,22,23,24,29,32,40]: RMSE = 5.06 min
     Greedy selection:
       Base (5): RMSE = 134.64 min
       + H/32 (amp=0.085d): RMSE = 101.92 min [3,5,8,13,16,32]
       + H/7 (amp=0.073d): RMSE = 69.11 min [3,5,7,8,13,16,32]
       + H/11 (amp=0.047d): RMSE = 50.17 min [3,5,7,8,11,13,16,32]
       + H/6 (amp=0.030d): RMSE = 39.49 min [3,5,6,7,8,11,13,16,32]
       + H/19 (amp=0.026d): RMSE = 28.10 min [3,5,6,7,8,11,13,16,19,32]
       + H/24 (amp=0.024d): RMSE = 12.50 min [3,5,6,7,8,11,13,16,19,24,32]
       + H/9 (amp=0.007d): RMSE = 10.19 min [3,5,6,7,8,9,11,13,16,19,24,32]
       + H/10 (amp=0.003d): RMSE = 9.55 min [3,5,6,7,8,9,10,11,13,16,19,24,32]
       + H/15 (amp=0.003d): RMSE = 8.86 min [3,5,6,7,8,9,10,11,13,15,16,19,24,32]
       + H/14 (amp=0.003d): RMSE = 8.38 min [3,5,6,7,8,9,10,11,13,14,15,16,19,24,32]
       + H/4 (amp=0.003d): RMSE = 7.88 min [3,4,5,6,7,8,9,10,11,13,14,15,16,19,24,32]
       + H/12 (amp=0.003d): RMSE = 7.38 min [3,4,5,6,7,8,9,10,11,12,13,14,15,16,19,24,32]
       + H/23 (amp=0.003d): RMSE = 6.86 min [3,4,5,6,7,8,9,10,11,12,13,14,15,16,19,23,24,32]
       + H/29 (amp=0.002d): RMSE = 6.51 min [3,4,5,6,7,8,9,10,11,12,13,14,15,16,19,23,24,29,32]
       + H/2 (amp=0.002d): RMSE = 6.16 min [2,3,4,5,6,7,8,9,10,11,12,13,14,15,16,19,23,24,29,32]
       + H/40 (amp=0.002d): RMSE = 5.85 min [2,3,4,5,6,7,8,9,10,11,12,13,14,15,16,19,23,24,29,32,40]
       + H/22 (amp=0.002d): RMSE = 5.56 min [2,3,4,5,6,7,8,9,10,11,12,13,14,15,16,19,22,23,24,29,32,40]
       + H/17 (amp=0.002d): RMSE = 5.31 min [2,3,4,5,6,7,8,9,10,11,12,13,14,15,16,17,19,22,23,24,29,32,40]
       + H/18 (amp=0.002d): RMSE = 5.06 min [2,3,4,5,6,7,8,9,10,11,12,13,14,15,16,17,18,19,22,23,24,29,32,40]
     Final: RMSE = 5.06 min [2,3,4,5,6,7,8,9,10,11,12,13,14,15,16,17,18,19,22,23,24,29,32,40]
   
   ── WS (14580 points, anchor=2451900.066 at year 2000) ──
     Current 24 harmonics [2,3,4,5,6,7,8,9,10,11,12,13,14,15,16,17,18,19,22,24,29,32,40,48]: RMSE = 5.01 min
     Greedy selection:
       Base (5): RMSE = 116.64 min
       + H/7 (amp=0.074d): RMSE = 88.94 min [3,5,7,8,13,16]
       + H/32 (amp=0.064d): RMSE = 59.27 min [3,5,7,8,13,16,32]
       + H/11 (amp=0.038d): RMSE = 44.66 min [3,5,7,8,11,13,16,32]
       + H/19 (amp=0.029d): RMSE = 31.84 min [3,5,7,8,11,13,16,19,32]
       + H/24 (amp=0.024d): RMSE = 18.55 min [3,5,7,8,11,13,16,19,24,32]
       + H/6 (amp=0.014d): RMSE = 12.06 min [3,5,6,7,8,11,13,16,19,24,32]
       + H/9 (amp=0.007d): RMSE = 9.40 min [3,5,6,7,8,9,11,13,16,19,24,32]
       + H/10 (amp=0.004d): RMSE = 8.62 min [3,5,6,7,8,9,10,11,13,16,19,24,32]
       + H/12 (amp=0.003d): RMSE = 8.04 min [3,5,6,7,8,9,10,11,12,13,16,19,24,32]
       + H/14 (amp=0.003d): RMSE = 7.48 min [3,5,6,7,8,9,10,11,12,13,14,16,19,24,32]
       + H/4 (amp=0.002d): RMSE = 7.01 min [3,4,5,6,7,8,9,10,11,12,13,14,16,19,24,32]
       + H/48 (amp=0.002d): RMSE = 6.58 min [3,4,5,6,7,8,9,10,11,12,13,14,16,19,24,32,48]
       + H/15 (amp=0.002d): RMSE = 6.17 min [3,4,5,6,7,8,9,10,11,12,13,14,15,16,19,24,32,48]
       + H/2 (amp=0.002d): RMSE = 5.86 min [2,3,4,5,6,7,8,9,10,11,12,13,14,15,16,19,24,32,48]
       + H/29 (amp=0.002d): RMSE = 5.63 min [2,3,4,5,6,7,8,9,10,11,12,13,14,15,16,19,24,29,32,48]
       + H/17 (amp=0.001d): RMSE = 5.47 min [2,3,4,5,6,7,8,9,10,11,12,13,14,15,16,17,19,24,29,32,48]
       + H/22 (amp=0.001d): RMSE = 5.31 min [2,3,4,5,6,7,8,9,10,11,12,13,14,15,16,17,19,22,24,29,32,48]
       + H/18 (amp=0.001d): RMSE = 5.16 min [2,3,4,5,6,7,8,9,10,11,12,13,14,15,16,17,18,19,22,24,29,32,48]
       + H/40 (amp=0.001d): RMSE = 5.01 min [2,3,4,5,6,7,8,9,10,11,12,13,14,15,16,17,18,19,22,24,29,32,40,48]
     Final: RMSE = 5.01 min [2,3,4,5,6,7,8,9,10,11,12,13,14,15,16,17,18,19,22,24,29,32,40,48]
   
   ── VE (14580 points, anchor=2451623.817 at year 2000) ──
     Current 24 harmonics [2,3,4,5,6,7,8,9,10,11,12,13,14,15,16,17,18,19,23,24,29,32,40,48]: RMSE = 4.77 min
     Greedy selection:
       Base (5): RMSE = 125.06 min
       + H/32 (amp=0.070d): RMSE = 99.90 min [3,5,8,13,16,32]
       + H/7 (amp=0.075d): RMSE = 57.75 min [3,5,7,8,13,16,32]
       + H/11 (amp=0.040d): RMSE = 41.01 min [3,5,7,8,11,13,16,32]
       + H/24 (amp=0.024d): RMSE = 33.06 min [3,5,7,8,11,13,16,24,32]
       + H/19 (amp=0.023d): RMSE = 23.05 min [3,5,7,8,11,13,16,19,24,32]
       + H/6 (amp=0.020d): RMSE = 11.16 min [3,5,6,7,8,11,13,16,19,24,32]
       + H/9 (amp=0.006d): RMSE = 9.49 min [3,5,6,7,8,9,11,13,16,19,24,32]
       + H/14 (amp=0.003d): RMSE = 8.82 min [3,5,6,7,8,9,11,13,14,16,19,24,32]
       + H/4 (amp=0.003d): RMSE = 8.14 min [3,4,5,6,7,8,9,11,13,14,16,19,24,32]
       + H/2 (amp=0.003d): RMSE = 7.54 min [2,3,4,5,6,7,8,9,11,13,14,16,19,24,32]
       + H/10 (amp=0.003d): RMSE = 6.95 min [2,3,4,5,6,7,8,9,10,11,13,14,16,19,24,32]
       + H/12 (amp=0.002d): RMSE = 6.48 min [2,3,4,5,6,7,8,9,10,11,12,13,14,16,19,24,32]
       + H/23 (amp=0.002d): RMSE = 6.12 min [2,3,4,5,6,7,8,9,10,11,12,13,14,16,19,23,24,32]
       + H/48 (amp=0.002d): RMSE = 5.78 min [2,3,4,5,6,7,8,9,10,11,12,13,14,16,19,23,24,32,48]
       + H/15 (amp=0.002d): RMSE = 5.44 min [2,3,4,5,6,7,8,9,10,11,12,13,14,15,16,19,23,24,32,48]
       + H/29 (amp=0.002d): RMSE = 5.20 min [2,3,4,5,6,7,8,9,10,11,12,13,14,15,16,19,23,24,29,32,48]
       + H/40 (amp=0.001d): RMSE = 5.00 min [2,3,4,5,6,7,8,9,10,11,12,13,14,15,16,19,23,24,29,32,40,48]
       + H/18 (amp=0.001d): RMSE = 4.88 min [2,3,4,5,6,7,8,9,10,11,12,13,14,15,16,18,19,23,24,29,32,40,48]
       + H/17 (amp=0.001d): RMSE = 4.77 min [2,3,4,5,6,7,8,9,10,11,12,13,14,15,16,17,18,19,23,24,29,32,40,48]
     Final: RMSE = 4.77 min [2,3,4,5,6,7,8,9,10,11,12,13,14,15,16,17,18,19,23,24,29,32,40,48]
   
   ── AE (14580 points, anchor=2451810.225 at year 2000) ──
     Current 24 harmonics [2,3,4,5,6,7,8,9,10,11,12,13,14,15,16,17,18,19,23,24,29,32,40,48]: RMSE = 5.10 min
     Greedy selection:
       Base (5): RMSE = 128.55 min
       + H/32 (amp=0.069d): RMSE = 104.39 min [3,5,8,13,16,32]
       + H/7 (amp=0.077d): RMSE = 63.32 min [3,5,7,8,13,16,32]
       + H/11 (amp=0.044d): RMSE = 45.17 min [3,5,7,8,11,13,16,32]
       + H/6 (amp=0.026d): RMSE = 36.29 min [3,5,6,7,8,11,13,16,32]
       + H/24 (amp=0.024d): RMSE = 26.78 min [3,5,6,7,8,11,13,16,24,32]
       + H/19 (amp=0.024d): RMSE = 11.58 min [3,5,6,7,8,11,13,16,19,24,32]
       + H/9 (amp=0.006d): RMSE = 9.68 min [3,5,6,7,8,9,11,13,16,19,24,32]
       + H/4 (amp=0.004d): RMSE = 8.97 min [3,4,5,6,7,8,9,11,13,16,19,24,32]
       + H/2 (amp=0.003d): RMSE = 8.36 min [2,3,4,5,6,7,8,9,11,13,16,19,24,32]
       + H/14 (amp=0.003d): RMSE = 7.72 min [2,3,4,5,6,7,8,9,11,13,14,16,19,24,32]
       + H/15 (amp=0.003d): RMSE = 7.11 min [2,3,4,5,6,7,8,9,11,13,14,15,16,19,24,32]
       + H/10 (amp=0.003d): RMSE = 6.51 min [2,3,4,5,6,7,8,9,10,11,13,14,15,16,19,24,32]
       + H/12 (amp=0.002d): RMSE = 6.14 min [2,3,4,5,6,7,8,9,10,11,12,13,14,15,16,19,24,32]
       + H/48 (amp=0.002d): RMSE = 5.87 min [2,3,4,5,6,7,8,9,10,11,12,13,14,15,16,19,24,32,48]
       + H/23 (amp=0.002d): RMSE = 5.66 min [2,3,4,5,6,7,8,9,10,11,12,13,14,15,16,19,23,24,32,48]
       + H/29 (amp=0.001d): RMSE = 5.49 min [2,3,4,5,6,7,8,9,10,11,12,13,14,15,16,19,23,24,29,32,48]
       + H/17 (amp=0.001d): RMSE = 5.35 min [2,3,4,5,6,7,8,9,10,11,12,13,14,15,16,17,19,23,24,29,32,48]
       + H/40 (amp=0.001d): RMSE = 5.22 min [2,3,4,5,6,7,8,9,10,11,12,13,14,15,16,17,19,23,24,29,32,40,48]
       + H/18 (amp=0.001d): RMSE = 5.10 min [2,3,4,5,6,7,8,9,10,11,12,13,14,15,16,17,18,19,23,24,29,32,40,48]
     Final: RMSE = 5.10 min [2,3,4,5,6,7,8,9,10,11,12,13,14,15,16,17,18,19,23,24,29,32,40,48]
   
   ═══════════════════════════════════════════════════════════════
     COPY-PASTE OUTPUT
   ═══════════════════════════════════════════════════════════════
   
   const CARDINAL_POINT_HARMONICS = {
     SS: [  // RMSE = 5.1 min over full H
       [ 2,  -0.000670,  -0.001965],  // H/2  amp=0.002d
       [ 3,  -1.491378,  -0.091653],  // H/3  amp=1.494d [Fib]
       [ 4,  -0.001417,  -0.002132],  // H/4  amp=0.003d
       [ 5,  -0.000122,  -0.003350],  // H/5  amp=0.003d [Fib]
       [ 6,  -0.028930,  -0.008109],  // H/6  amp=0.030d 2×(H/3)
       [ 7,  -0.064328,  -0.039185],  // H/7  amp=0.075d
       [ 8,   1.525775,   0.096142],  // H/8  amp=1.529d [Fib]
       [ 9,   0.006237,   0.002404],  // H/9  amp=0.007d
       [10,   0.003304,   0.001080],  // H/10  amp=0.003d
       [11,   0.045332,   0.005618],  // H/11  amp=0.046d H/3+H/8
       [12,   0.002704,   0.000678],  // H/12  amp=0.003d
       [13,  -0.020761,   0.000471],  // H/13  amp=0.021d [Fib]
       [14,   0.002748,  -0.001252],  // H/14  amp=0.003d
       [15,   0.002912,   0.002034],  // H/15  amp=0.004d
       [16,   1.772895,   0.089356],  // H/16  amp=1.775d [Fib]
       [17,   0.001548,   0.000524],  // H/17  amp=0.002d
       [18,   0.001467,   0.000532],  // H/18  amp=0.002d
       [19,   0.023045,   0.002790],  // H/19  amp=0.023d H/3+H/16
       [22,   0.001682,   0.000557],  // H/22  amp=0.002d
       [23,   0.002432,   0.001188],  // H/23  amp=0.003d
       [24,  -0.023021,  -0.002444],  // H/24  amp=0.023d H/8+H/16
       [29,   0.001983,   0.000126],  // H/29  amp=0.002d
       [32,  -0.086897,  -0.004809],  // H/32  amp=0.087d 2×(H/16)
       [40,   0.001794,   0.000219],  // H/40  amp=0.002d
     ],
     WS: [  // RMSE = 5.0 min over full H
       [ 2,   0.000590,   0.001840],  // H/2  amp=0.002d
       [ 3,  -1.480883,  -0.087189],  // H/3  amp=1.483d [Fib]
       [ 4,   0.001333,   0.001916],  // H/4  amp=0.002d
       [ 5,   0.007190,   0.003448],  // H/5  amp=0.008d [Fib]
       [ 6,  -0.012597,   0.003371],  // H/6  amp=0.013d 2×(H/3)
       [ 7,   0.064143,   0.038910],  // H/7  amp=0.075d
       [ 8,   1.446420,   0.082655],  // H/8  amp=1.449d [Fib]
       [ 9,  -0.005869,  -0.003274],  // H/9  amp=0.007d
       [10,  -0.003143,  -0.001381],  // H/10  amp=0.003d
       [11,   0.037612,   0.002899],  // H/11  amp=0.038d H/3+H/8
       [12,  -0.002808,  -0.001273],  // H/12  amp=0.003d
       [13,   0.020363,  -0.001511],  // H/13  amp=0.020d [Fib]
       [14,  -0.001569,  -0.002652],  // H/14  amp=0.003d
       [15,  -0.002314,  -0.000126],  // H/15  amp=0.002d
       [16,  -1.811970,  -0.093002],  // H/16  amp=1.814d [Fib]
       [17,  -0.001269,  -0.000191],  // H/17  amp=0.001d
       [18,  -0.001201,  -0.000146],  // H/18  amp=0.001d
       [19,  -0.024890,  -0.002801],  // H/19  amp=0.025d H/3+H/16
       [22,  -0.001290,   0.000020],  // H/22  amp=0.001d
       [24,   0.022617,   0.002290],  // H/24  amp=0.023d H/8+H/16
       [29,  -0.001485,  -0.000147],  // H/29  amp=0.001d
       [32,   0.067933,   0.002974],  // H/32  amp=0.068d 2×(H/16)
       [40,  -0.001166,  -0.000144],  // H/40  amp=0.001d
       [48,   0.002282,   0.000111],  // H/48  amp=0.002d
     ],
     VE: [  // RMSE = 4.8 min over full H
       [ 2,   0.000449,  -0.003047],  // H/2  amp=0.003d
       [ 3,  -1.485051,  -0.092533],  // H/3  amp=1.488d [Fib]
       [ 4,   0.000961,  -0.003145],  // H/4  amp=0.003d
       [ 5,   0.005991,  -0.005055],  // H/5  amp=0.008d [Fib]
       [ 6,  -0.015909,  -0.011638],  // H/6  amp=0.020d 2×(H/3)
       [ 7,   0.038244,  -0.065414],  // H/7  amp=0.076d
       [ 8,   1.478317,   0.123827],  // H/8  amp=1.483d [Fib]
       [ 9,  -0.003548,   0.004556],  // H/9  amp=0.006d
       [10,  -0.001940,   0.002063],  // H/10  amp=0.003d
       [11,   0.039421,   0.007086],  // H/11  amp=0.040d H/3+H/8
       [12,  -0.001519,   0.001889],  // H/12  amp=0.002d
       [13,  -0.001422,  -0.021187],  // H/13  amp=0.021d [Fib]
       [14,   0.000408,   0.003458],  // H/14  amp=0.003d
       [15,  -0.001838,   0.000733],  // H/15  amp=0.002d
       [16,  -0.114665,   1.785458],  // H/16  amp=1.789d [Fib]
       [17,  -0.000916,   0.000452],  // H/17  amp=0.001d
       [18,  -0.000960,   0.000369],  // H/18  amp=0.001d
       [19,  -0.004572,   0.022901],  // H/19  amp=0.023d H/3+H/16
       [23,  -0.001963,  -0.000807],  // H/23  amp=0.002d
       [24,   0.002973,  -0.023369],  // H/24  amp=0.024d H/8+H/16
       [29,  -0.000696,   0.001221],  // H/29  amp=0.001d
       [32,   0.013054,  -0.077180],  // H/32  amp=0.078d 2×(H/16)
       [40,  -0.000773,   0.001045],  // H/40  amp=0.001d
       [48,  -0.001145,  -0.001770],  // H/48  amp=0.002d
     ],
     AE: [  // RMSE = 5.1 min over full H
       [ 2,  -0.000382,   0.003218],  // H/2  amp=0.003d
       [ 3,  -1.487061,  -0.085875],  // H/3  amp=1.490d [Fib]
       [ 4,  -0.000910,   0.003416],  // H/4  amp=0.004d
       [ 5,   0.001179,   0.005743],  // H/5  amp=0.006d [Fib]
       [ 6,  -0.025512,   0.007690],  // H/6  amp=0.027d 2×(H/3)
       [ 7,  -0.038043,   0.065892],  // H/7  amp=0.076d
       [ 8,   1.493554,   0.055240],  // H/8  amp=1.495d [Fib]
       [ 9,   0.003771,  -0.005004],  // H/9  amp=0.006d
       [10,   0.002063,  -0.001906],  // H/10  amp=0.003d
       [11,   0.043549,   0.001879],  // H/11  amp=0.044d H/3+H/8
       [12,   0.001706,  -0.001349],  // H/12  amp=0.002d
       [13,   0.001726,   0.022163],  // H/13  amp=0.022d [Fib]
       [14,   0.002881,   0.001121],  // H/14  amp=0.003d
       [15,   0.001303,  -0.002662],  // H/15  amp=0.003d
       [16,   0.068753,  -1.790867],  // H/16  amp=1.792d [Fib]
       [17,   0.000801,  -0.000773],  // H/17  amp=0.001d
       [18,   0.000737,  -0.000767],  // H/18  amp=0.001d
       [19,   0.002065,  -0.023608],  // H/19  amp=0.024d H/3+H/16
       [23,  -0.000918,  -0.001272],  // H/23  amp=0.002d
       [24,  -0.001080,   0.023755],  // H/24  amp=0.024d H/8+H/16
       [29,   0.000219,  -0.001202],  // H/29  amp=0.001d
       [32,   0.006088,   0.079023],  // H/32  amp=0.079d 2×(H/16)
       [40,   0.000160,  -0.001121],  // H/40  amp=0.001d
       [48,  -0.000888,   0.001606],  // H/48  amp=0.002d
     ],
   };
   
   ── Summary ──
   Type | Current RMSE | New RMSE | Divisors
     SS | 5.06 min     | 5.06 min  | [2,3,4,5,6,7,8,9,10,11,12,13,14,15,16,17,18,19,22,23,24,29,32,40]
     WS | 5.01 min     | 5.01 min  | [2,3,4,5,6,7,8,9,10,11,12,13,14,15,16,17,18,19,22,24,29,32,40,48]
     VE | 4.77 min     | 4.77 min  | [2,3,4,5,6,7,8,9,10,11,12,13,14,15,16,17,18,19,23,24,29,32,40,48]
     AE | 5.10 min     | 5.10 min  | [2,3,4,5,6,7,8,9,10,11,12,13,14,15,16,17,18,19,23,24,29,32,40,48]
   
   ── J2000 anchors (derived from data anchors) ──
     SS: J2000=2451716.575557 (IAU=2451716.575, diff=1.09 min, j2000yr=2000, verify err=0.0000 min)
     WS: J2000=2451900.066464 (IAU=2451900.068, diff=-1.95 min, j2000yr=2000, verify err=0.0000 min)
     VE: J2000=2451623.817467 (IAU=2451623.738, diff=114.24 min, j2000yr=2000, verify err=0.0000 min)
     AE: J2000=2451810.224991 (IAU=2451810.305, diff=-114.92 min, j2000yr=2000, verify err=0.0000 min)
   
     ✓ Written CARDINAL_POINT_HARMONICS to fitted-coefficients.json
     ✓ Written CARDINAL_POINT_ANCHORS_ADJUSTED to fitted-coefficients.json
[08:24:04]    ✓ Step 6c: Cardinal point harmonics (~40 min) (1180.6s)
[08:24:04] ── Step 6d: Sidereal year harmonics ──
   ═══════════════════════════════════════════════════════════════
     YEAR-LENGTH HARMONIC FIT (J2000-anchored)
   ═══════════════════════════════════════════════════════════════
   
   Using constants.js: H=335317, balancedYear=-302635
   
   Loading CSV data...
   CSV: 2011908 rows
   Downsampled by 23 (J2000-anchored): 14580 points per type
   14579 data points, years -302612 to 32682
   
   ── J2000 anchor extraction from step 6a CSV ──
     Anchor = year-2000 direct CSV value (mean of 4 CPs, step=23)
       tropical:    365.242190293   (mean over full H: 365.242203645, delta -1.335e-5 d)
       sidereal:    365.256363034   (mean over full H: 365.256364372, delta -1.338e-6 d)
       anomalistic: 365.259633152   (mean over full H: 365.259632388, delta 7.640e-7 d)
     H/13 identity check: sid × (H-13)/H = 365.242202307  vs tropical: 365.242190293
   
   ── TROPICAL YEAR ──
     Current [3,8,16]: RMSE = 0.6487s
     Greedy:
       Base (2): RMSE = 0.9344s
       + H/11: RMSE = 0.4976s [3,8,11]
       + H/16: RMSE = 0.1610s [3,8,11,16]
       + H/6: RMSE = 0.0381s [3,6,8,11,16]
       + H/19: RMSE = 0.0297s [3,6,8,11,16,19]
       + H/5: RMSE = 0.0212s [3,5,6,8,11,16,19]
       + H/14: RMSE = 0.0114s [3,5,6,8,11,14,16,19]
       + H/24: RMSE = 0.0045s [3,5,6,8,11,14,16,19,24]
       + H/9: RMSE = 0.0026s [3,5,6,8,9,11,14,16,19,24]
       + H/22: RMSE = 0.0023s [3,5,6,8,9,11,14,16,19,22,24]
       + H/32: RMSE = 0.0019s [3,5,6,8,9,11,14,16,19,22,24,32]
   
   ── SIDEREAL YEAR ──
     Current [3,8]: RMSE = 0.0301s
     Greedy:
       Base (2): RMSE = 0.0301s
       + H/16: RMSE = 0.0224s [3,8,16]
       + H/5: RMSE = 0.0070s [3,5,8,16]
       + H/9: RMSE = 0.0025s [3,5,8,9,16]
       + H/32: RMSE = 0.0016s [3,5,8,9,16,32]
   
   ── ANOMALISTIC YEAR ──
     Current [3,8,16,24]: RMSE = 0.0609s
     Greedy:
       Base (2): RMSE = 0.0689s
       + H/18: RMSE = 0.0438s [3,8,18]
       + H/19: RMSE = 0.0337s [3,8,18,19]
       + H/17: RMSE = 0.0271s [3,8,17,18,19]
       + H/24: RMSE = 0.0228s [3,8,17,18,19,24]
       + H/9: RMSE = 0.0183s [3,8,9,17,18,19,24]
       + H/16: RMSE = 0.0165s [3,8,9,16,17,18,19,24]
   
   ═══════════════════════════════════════════════════════════════
     COPY-PASTE OUTPUT
   ═══════════════════════════════════════════════════════════════
   
   const TROPICAL_YEAR_HARMONICS = [  // RMS = 0.002 s
     [ 3,  +4.969064375018e-6,  -8.354510054186e-5],  // H/3: 7.231s amp
     [ 5,  -1.736597713829e-8,  +3.331068686994e-7],  // H/5: 0.029s amp
     [ 6,  +2.404063862638e-7,  -2.332147151557e-6],  // H/6: 0.203s amp
     [ 8,  -1.302975140278e-5,  +2.227806491207e-4],  // H/8: 19.281s amp
     [ 9,  +5.336622327546e-8,  +2.098027585517e-8],  // H/9: 0.005s amp
     [11,  -8.805523494587e-7,  +8.546286473543e-6],  // H/11: 0.742s amp
     [14,  -4.101388170000e-8,  +2.907227126011e-7],  // H/14: 0.025s amp
     [16,  +6.574720810829e-7,  -6.372616547142e-6],  // H/16: 0.554s amp
     [19,  +5.988004178818e-8,  -3.899987020390e-7],  // H/19: 0.034s amp
     [22,  +4.751058068033e-9,  -1.993632757871e-8],  // H/22: 0.002s amp
     [24,  -2.299569968862e-8,  +1.637988897852e-7],  // H/24: 0.014s amp
     [32,  -2.380524217701e-9,  +2.195253911727e-8],  // H/32: 0.002s amp
   ];
   
   const SIDEREAL_YEAR_HARMONICS = [  // RMS = 0.002 s
     [ 3,  +3.968684639454e-7,  -3.315066395902e-9],  // H/3: 0.034s amp
     [ 5,  -1.121090516862e-9,  +3.318710695653e-7],  // H/5: 0.029s amp
     [ 8,  -1.067055510273e-6,  -1.594156769787e-8],  // H/8: 0.092s amp
     [ 9,  +4.558473673335e-8,  +8.374151105873e-8],  // H/9: 0.008s amp
     [16,  +1.940562732567e-8,  -3.424472599165e-7],  // H/16: 0.030s amp
     [32,  -2.326851571962e-9,  +2.836915151629e-8],  // H/32: 0.002s amp
   ];
   
   const ANOMALISTIC_YEAR_HARMONICS = [  // RMS = 0.017 s
     [ 3,  -5.648596747526e-9,  -3.622425035435e-9],  // H/3: 0.001s amp
     [ 8,  -8.968526882128e-8,  +2.413460770753e-8],  // H/8: 0.008s amp
     [ 9,  -1.059398537604e-7,  -1.795191521886e-7],  // H/9: 0.018s amp
     [16,  -1.236366778548e-7,  +4.151940805478e-8],  // H/16: 0.011s amp
     [17,  -3.073661561233e-7,  -1.177868673351e-7],  // H/17: 0.028s amp
     [18,  +6.867741223202e-7,  +2.326741231051e-7],  // H/18: 0.063s amp
     [19,  +3.904807423511e-7,  +5.057581459430e-8],  // H/19: 0.034s amp
     [24,  -2.493873216024e-7,  +4.513955753708e-9],  // H/24: 0.022s amp
   ];
   
   ── Summary ──
   Type         | Current RMSE | New RMSE | Harmonics
   Tropical     | 0.6487s     | 0.0019s  | [3,5,6,8,9,11,14,16,19,22,24,32]
   Sidereal     | 0.0301s     | 0.0016s  | [3,5,8,9,16,32]
   Anomalistic  | 0.0609s     | 0.0165s  | [3,8,9,16,17,18,19,24]
   
   ✓ Written TROPICAL/SIDEREAL/ANOMALISTIC_YEAR_HARMONICS to fitted-coefficients.json
   ✓ Written YEAR_LENGTH_J2000_ANCHOR (anchorYear + tropical/sidereal/anomalistic J2000 values)
[08:24:40]    ✓ Step 6d: Sidereal year harmonics (36.0s)
[08:24:40] ── Step 6e: Anomalistic year harmonics ──
   ═══════════════════════════════════════════════════════════════
     YEAR-LENGTH HARMONIC FIT (J2000-anchored)
   ═══════════════════════════════════════════════════════════════
   
   Using constants.js: H=335317, balancedYear=-302635
   
   Loading CSV data...
   CSV: 2011908 rows
   Downsampled by 23 (J2000-anchored): 14580 points per type
   14579 data points, years -302612 to 32682
   
   ── J2000 anchor extraction from step 6a CSV ──
     Anchor = year-2000 direct CSV value (mean of 4 CPs, step=23)
       tropical:    365.242190293   (mean over full H: 365.242203645, delta -1.335e-5 d)
       sidereal:    365.256363034   (mean over full H: 365.256364372, delta -1.338e-6 d)
       anomalistic: 365.259633152   (mean over full H: 365.259632388, delta 7.640e-7 d)
     H/13 identity check: sid × (H-13)/H = 365.242202307  vs tropical: 365.242190293
   
   ── TROPICAL YEAR ──
     Current [3,8,16]: RMSE = 0.6487s
     Greedy:
       Base (2): RMSE = 0.9344s
       + H/11: RMSE = 0.4976s [3,8,11]
       + H/16: RMSE = 0.1610s [3,8,11,16]
       + H/6: RMSE = 0.0381s [3,6,8,11,16]
       + H/19: RMSE = 0.0297s [3,6,8,11,16,19]
       + H/5: RMSE = 0.0212s [3,5,6,8,11,16,19]
       + H/14: RMSE = 0.0114s [3,5,6,8,11,14,16,19]
       + H/24: RMSE = 0.0045s [3,5,6,8,11,14,16,19,24]
       + H/9: RMSE = 0.0026s [3,5,6,8,9,11,14,16,19,24]
       + H/22: RMSE = 0.0023s [3,5,6,8,9,11,14,16,19,22,24]
       + H/32: RMSE = 0.0019s [3,5,6,8,9,11,14,16,19,22,24,32]
   
   ── SIDEREAL YEAR ──
     Current [3,8]: RMSE = 0.0301s
     Greedy:
       Base (2): RMSE = 0.0301s
       + H/16: RMSE = 0.0224s [3,8,16]
       + H/5: RMSE = 0.0070s [3,5,8,16]
       + H/9: RMSE = 0.0025s [3,5,8,9,16]
       + H/32: RMSE = 0.0016s [3,5,8,9,16,32]
   
   ── ANOMALISTIC YEAR ──
     Current [3,8,16,24]: RMSE = 0.0609s
     Greedy:
       Base (2): RMSE = 0.0689s
       + H/18: RMSE = 0.0438s [3,8,18]
       + H/19: RMSE = 0.0337s [3,8,18,19]
       + H/17: RMSE = 0.0271s [3,8,17,18,19]
       + H/24: RMSE = 0.0228s [3,8,17,18,19,24]
       + H/9: RMSE = 0.0183s [3,8,9,17,18,19,24]
       + H/16: RMSE = 0.0165s [3,8,9,16,17,18,19,24]
   
   ═══════════════════════════════════════════════════════════════
     COPY-PASTE OUTPUT
   ═══════════════════════════════════════════════════════════════
   
   const TROPICAL_YEAR_HARMONICS = [  // RMS = 0.002 s
     [ 3,  +4.969064375018e-6,  -8.354510054186e-5],  // H/3: 7.231s amp
     [ 5,  -1.736597713829e-8,  +3.331068686994e-7],  // H/5: 0.029s amp
     [ 6,  +2.404063862638e-7,  -2.332147151557e-6],  // H/6: 0.203s amp
     [ 8,  -1.302975140278e-5,  +2.227806491207e-4],  // H/8: 19.281s amp
     [ 9,  +5.336622327546e-8,  +2.098027585517e-8],  // H/9: 0.005s amp
     [11,  -8.805523494587e-7,  +8.546286473543e-6],  // H/11: 0.742s amp
     [14,  -4.101388170000e-8,  +2.907227126011e-7],  // H/14: 0.025s amp
     [16,  +6.574720810829e-7,  -6.372616547142e-6],  // H/16: 0.554s amp
     [19,  +5.988004178818e-8,  -3.899987020390e-7],  // H/19: 0.034s amp
     [22,  +4.751058068033e-9,  -1.993632757871e-8],  // H/22: 0.002s amp
     [24,  -2.299569968862e-8,  +1.637988897852e-7],  // H/24: 0.014s amp
     [32,  -2.380524217701e-9,  +2.195253911727e-8],  // H/32: 0.002s amp
   ];
   
   const SIDEREAL_YEAR_HARMONICS = [  // RMS = 0.002 s
     [ 3,  +3.968684639454e-7,  -3.315066395902e-9],  // H/3: 0.034s amp
     [ 5,  -1.121090516862e-9,  +3.318710695653e-7],  // H/5: 0.029s amp
     [ 8,  -1.067055510273e-6,  -1.594156769787e-8],  // H/8: 0.092s amp
     [ 9,  +4.558473673335e-8,  +8.374151105873e-8],  // H/9: 0.008s amp
     [16,  +1.940562732567e-8,  -3.424472599165e-7],  // H/16: 0.030s amp
     [32,  -2.326851571962e-9,  +2.836915151629e-8],  // H/32: 0.002s amp
   ];
   
   const ANOMALISTIC_YEAR_HARMONICS = [  // RMS = 0.017 s
     [ 3,  -5.648596747526e-9,  -3.622425035435e-9],  // H/3: 0.001s amp
     [ 8,  -8.968526882128e-8,  +2.413460770753e-8],  // H/8: 0.008s amp
     [ 9,  -1.059398537604e-7,  -1.795191521886e-7],  // H/9: 0.018s amp
     [16,  -1.236366778548e-7,  +4.151940805478e-8],  // H/16: 0.011s amp
     [17,  -3.073661561233e-7,  -1.177868673351e-7],  // H/17: 0.028s amp
     [18,  +6.867741223202e-7,  +2.326741231051e-7],  // H/18: 0.063s amp
     [19,  +3.904807423511e-7,  +5.057581459430e-8],  // H/19: 0.034s amp
     [24,  -2.493873216024e-7,  +4.513955753708e-9],  // H/24: 0.022s amp
   ];
   
   ── Summary ──
   Type         | Current RMSE | New RMSE | Harmonics
   Tropical     | 0.6487s     | 0.0019s  | [3,5,6,8,9,11,14,16,19,22,24,32]
   Sidereal     | 0.0301s     | 0.0016s  | [3,5,8,9,16,32]
   Anomalistic  | 0.0609s     | 0.0165s  | [3,8,9,16,17,18,19,24]
   
   ✓ Written TROPICAL/SIDEREAL/ANOMALISTIC_YEAR_HARMONICS to fitted-coefficients.json
   ✓ Written YEAR_LENGTH_J2000_ANCHOR (anchorYear + tropical/sidereal/anomalistic J2000 values)
[08:25:18]    ✓ Step 6e: Anomalistic year harmonics (37.7s)
[08:25:18] ── Step 7a: Derive eccentricity amplitudes ──
   ═══ Derive Planet Eccentricity Amplitudes ═══
   
     K derived from Earth:
       eccentricityAmplitude = 0.0013559453578636752
       earthtiltMean         = 23.41353942374053°
       massFraction.earth    = 3.003501e-6
       fibonacciD            = 3
       K = 3.4143348069e-6
   
     ✓ Stored K matches derived (diff < 0.0001%)
   
     Planet      | Mean tilt  | Old amp         | K-derived amp   | Old phase  | New phase  | Amp Δ%   | Phase Δ°
     ------------|------------|-----------------|-----------------|------------|------------|----------|----------
     mercury     |    0.00840 | 2.33708e-5      | 2.33708e-5      |   104.1244 |   104.1244 | +0.000%   | +0.0000
     venus       |    2.63920 | 9.52440e-4      | 9.52440e-4      |    11.7662 |    11.7662 | +0.000%   | -0.0000
     mars        |   25.32035 | 3.05610e-3      | 3.05610e-3      |   235.8865 |   235.8865 | +0.000%   | -0.0000
     jupiter     |    3.12037 | 1.13435e-6      | 1.13435e-6      |   268.8271 |   268.8271 | +0.000%   | -0.0000
     saturn      |   26.79949 | 5.35939e-6      | 5.35939e-6      |   318.8367 |   318.8367 | +0.000%   | -0.0000
     uranus      |   82.24078 | 2.80172e-5      | 2.80172e-5      |   120.5947 |   120.5947 | +0.000%   | -0.0000
     neptune     |   28.32000 | 8.03718e-6      | 8.03718e-6      |    38.2434 |    38.2434 | +0.000%   | -0.0000
   
     Earth verification: e(J2000) = 0.01671022, phase = 167.0480°
     e_reconstructed = 0.01671022 (should be 0.01671022)
   
     ✓ All amplitudes, phases, and bases are correctly derived at runtime.
[08:25:18]    ✓ Step 7a: Derive eccentricity amplitudes (0.0s)
[08:25:18] ── Step 7b: Balance search (presets) ──
   ═══════════════════════════════════════════════════════════════
   VERIFICATION: Exact values from script.js computation chain
   ═══════════════════════════════════════════════════════════════
   Planet      SMA (code)       Mass (M/M_SUN)     Ecc (Base)   Ecc (J2000)
   mercury        0.38710621      1.66012083e-7 0.20563023 0.20563593
   venus          0.72333815      2.44783828e-6 0.00770636 0.00677672
   earth          1.00000000      3.00350092e-6 0.01538601 0.01671022
   mars           1.52365748      3.22715604e-7 0.09164586 0.09339410
   jupiter        5.19964715      9.54791916e-4 0.04838622 0.04838624
   saturn         9.53093310      2.85885670e-4 0.05386582 0.05386179
   uranus        19.14142806      4.36625091e-5 0.04724317 0.04725744
   neptune       29.92841701      5.15138982e-5 0.00859679 0.00859048
   
   Current config:
     Inclination balance: 99.9974%
     Eccentricity balance: 99.8636% (base), 99.8753% (J2000)
     LL bounds pass: 7/8
     Direction pass: 2/8
     All LL+Dir pass: false
     Saturn e predicted: 0.05371910 (actual: 0.05386582, error: -0.272%)
   
   ═══════════════════════════════════════════════════════════════
   EXHAUSTIVE SEARCH
   ═══════════════════════════════════════════════════════════════
   Scenario A (Ju=5, Sa=3): 311 configs >= 99.994%
   Scenario B (Ju=8, Sa=5): 212 configs >= 99.994%
   Scenario C (Ju=13, Sa=8): 146 configs >= 99.994%
   Scenario D (Ju=21, Sa=13): 98 configs >= 99.994%
   
   Total: 767 configs >= 99.994% inclination balance
   All pass LL+Dir: 0
   LL 8/8: 128
   LL 7/8: 422
   
   Top 20 by composite score (LL overshoot + ecc balance + incl balance):
   Rank │ Incl bal   │ Ecc bal    │ LL max▲  │ Dir │ Score    │ Me  Ve  Ma  Ju  Sa  Ur  Ne
   ─────┼────────────┼────────────┼──────────┼─────┼──────────┼─────────────────────────────
      1 │   99.9991% │   99.5954% │  0.000° │ 5/8 │  10099.7 │   5   2  5*  21 13*  21 21*
      2 │   99.9956% │   99.4451% │  0.000° │ 4/8 │  10099.5 │   8 13*  13   8  5*  13 34*
      3 │   99.9986% │   99.4078% │  0.000° │ 3/8 │  10099.5 │ 34* 21*  13   8  5*  13 34*
      4 │   99.9953% │   99.3843% │  0.000° │ 3/8 │  10099.5 │ 21* 34*  21   8  5*  13 34*
      5 │   99.9993% │   99.3808% │  0.000° │ 3/8 │  10099.5 │  13  3* 21*   8  5*  13 55*
      6 │   99.9967% │   99.3716% │  0.000° │ 3/8 │  10099.5 │  34  3* 34*   8  5*  13 55*
      7 │   99.9951% │   99.3684% │  0.000° │ 3/8 │  10099.5 │ 21* 55*  34   8  5*  13 34*
      8 │   99.9974% │   99.3613% │  0.000° │ 3/8 │  10099.5 │ 55* 55*  55   8  5*  13 34*
      9 │   99.9949% │   99.2950% │  0.000° │ 3/8 │  10099.4 │  13 55* 55*   8  5*  13 34*
     10 │   99.9949% │   99.2483% │  0.000° │ 3/8 │  10099.3 │ 13*  55 34*   8  5*  13 34*
     11 │   99.9953% │   99.2472% │  0.000° │ 3/8 │  10099.3 │  21  55 13*   8  5*  13 34*
     12 │   99.9989% │   99.2394% │  0.000° │ 3/8 │  10099.3 │ 34*  55 21*   8  5*  13 34*
     13 │   99.9978% │   99.2311% │  0.000° │ 4/8 │  10099.3 │   8  34  8*   8  5*  13 34*
     14 │   99.9976% │   99.2271% │  0.000° │ 2/8 │  10099.3 │  21  2*   5   8  5*  34  55
     15 │  100.0000% │   99.2188% │  0.000° │ 3/8 │  10099.3 │  34  21  8*   8  5*  13 34*
     16 │   99.9964% │   99.1439% │  0.000° │ 3/8 │  10099.2 │ 55*  8*  21  13  8*  21 55*
     17 │   99.9987% │   99.0211% │  0.000° │ 4/8 │  10099.1 │   5  8* 34*  13  8*  21 55*
     18 │   99.9995% │   98.9599% │  0.000° │ 3/8 │  10099.1 │  13 13* 13*  13  8*  21 55*
     19 │   99.9972% │   99.9880% │  0.000° │ 4/8 │  10098.5 │ 13*   5  34   5  3*   8 34*
     20 │   99.9988% │   99.9811% │  0.000° │ 4/8 │  10098.5 │ 21*   5  55   5  3*   8 34*
   
   Default config rank: 29/767 (score: 10098.4, incl: 99.9974%, ecc: 99.8636%, LL max overshoot: 0.000°)
   
   Written 767 presets to /home/dennis/code/3d/data/balance-presets.json
     Search space: 7,558,272 d-assignments
     Passing balance ≥99.994%: 767
     Passing balance + LL + Dir: 0
     Current Config #29 rank out of 767
   
   ═══════════════════════════════════════════════════════════════
   DEEP ANALYSIS: Per-config optimization of anchor n & ascending nodes
   ═══════════════════════════════════════════════════════════════
     Candidates: 96 configs with incl ≥99.994% AND ecc ≥99%
     Sweep: n ∈ {0..7} (anchor within 8H), N ∈ {1..120} (asc node per planet)
     Evals per config: 8 × 7 × 120 = 6720
   
     96 candidates analyzed.
   
     Rank │ Scen │ Incl%    │ Ecc% (per-cfg) │ Mir │ n │ Dir │ EccDir │ Tot err │ Me  Ve  Ma  Ju  Sa  Ur  Ne
     ─────┼──────┼──────────┼────────────────┼─────┼───┼─────┼────────┼─────────┼─────────────────────────────
        1 │  A   │  99.9972 │    99.9992     │     │ 6 │ 7/7 │ 2/2 │   7.0″ │ 13*   5  34   5  3*   8 34*
        2 │  A   │  99.9988 │    99.9936     │     │ 6 │ 7/7 │ 2/2 │   6.9″ │ 21*   5  55   5  3*   8 34*
        3 │  A   │  99.9951 │    99.9901     │     │ 6 │ 7/7 │ 2/2 │   6.8″ │  8*   5  21   5  3*   8 34*
        4 │  A   │  99.9965 │    99.9413     │     │ 6 │ 7/7 │ 1/2 │   6.9″ │  21   5 55*   5  3*   8 34*
        5 │  A   │  99.9949 │    99.9341     │     │ 6 │ 7/7 │ 1/2 │   7.0″ │  13   5 34*   5  3*   8 34*
        6 │  A   │  99.9970 │    99.9192     │     │ 6 │ 7/7 │ 1/2 │   7.0″ │  21   8   8   5  3*   8 34*
        7 │  A   │  99.9961 │    99.8889     │     │ 1 │ 7/7 │ 1/2 │   7.4″ │  8*  21   3   5  3*   8 34*
        8 │  A   │  99.9947 │    99.8851     │     │ 7 │ 7/7 │ 1/2 │   5.5″ │ 34*  34   3   5  3*   8 34*
        9 │  A   │  99.9978 │    99.8830     │     │ 7 │ 7/7 │ 1/2 │   5.1″ │ 55*  34   3   5  3*   8 34*
       10 │  A   │  99.9942 │    99.8669     │     │ 7 │ 7/7 │ 1/2 │   3.5″ │ 13* 55*   3   5  3*  21  34
       11 │  A   │  99.9974 │    99.8636     │  Y  │ 7 │ 7/7 │ 2/2 │   5.1″ │  21  34   5   5  3*  21  34  ◄ default (mirror)
       12 │  A   │  99.9940 │    99.8630     │     │ 7 │ 7/7 │ 2/2 │   3.3″ │  21  55   3   5  3*   8 34*
       13 │  A   │  99.9992 │    99.8428     │     │ 1 │ 7/7 │ 1/2 │   7.6″ │ 21*  21   5   5  3*  21  34
       14 │  A   │  99.9974 │    99.8291     │     │ 1 │ 7/7 │ 1/2 │   7.5″ │  5*  13   5   5  3*  21  34
       15 │  A   │  99.9981 │    99.7712     │     │ 6 │ 7/7 │ 1/2 │   7.0″ │  21   8  55   5  3*  21  34
       16 │  A   │  99.9997 │    99.7684     │     │ 2 │ 7/7 │ 0/2 │   3.5″ │  55   8  34   5  3*  21  34
       17 │  A   │  99.9977 │    99.7635     │     │ 2 │ 7/7 │ 1/2 │   2.9″ │ 34*   8  21   5  3*  21  34
       18 │  A   │  99.9976 │    99.6158     │     │ 6 │ 7/7 │ 1/2 │   7.1″ │  21   5  8*   5  3*  21  34
       19 │  A   │  99.9947 │    99.6080     │     │ 6 │ 7/7 │ 2/2 │   6.9″ │ 13*   5 13*   5  3*  21  34
       20 │  D   │  99.9991 │    99.6069     │     │ 1 │ 7/7 │ 2/2 │  18.0″ │   5   2  5*  21 13*  21 21*
       21 │  B   │  99.9982 │    99.5237     │     │ 1 │ 7/7 │ 1/2 │   4.5″ │  5*  3* 34*   8  5*  34  55
       22 │  A   │  99.9994 │    99.5161     │     │ 1 │ 7/7 │ 1/2 │   7.5″ │ 13*   3  3*   5  3*  21  34
       23 │  B   │  99.9956 │    99.4629     │     │ 1 │ 7/7 │ 2/2 │   3.9″ │   8 13*  13   8  5*  13 34*
       24 │  B   │  99.9992 │    99.4132     │     │ 1 │ 7/7 │ 1/2 │   3.9″ │  8* 34*  13   8  5*  13 34*
       25 │  B   │  99.9986 │    99.4131     │     │ 2 │ 7/7 │ 1/2 │   1.4″ │ 34* 21*  13   8  5*  13 34*
       26 │  B   │  99.9953 │    99.3942     │     │ 0 │ 7/7 │ 1/2 │   3.6″ │ 21* 34*  21   8  5*  13 34*
       27 │  B   │  99.9951 │    99.3775     │     │ 7 │ 7/7 │ 1/2 │   2.2″ │ 21* 55*  34   8  5*  13 34*
       28 │  B   │  99.9993 │    99.3732     │     │ 0 │ 7/7 │ 0/2 │   3.6″ │  13  3* 21*   8  5*  13 55*
       29 │  B   │  99.9974 │    99.3653     │     │ 2 │ 7/7 │ 1/2 │   1.8″ │ 55* 55*  55   8  5*  13 34*
       30 │  B   │  99.9967 │    99.3636     │     │ 0 │ 7/7 │ 0/2 │   4.1″ │  34  3* 34*   8  5*  13 55*
       31 │  B   │  99.9949 │    99.3024     │     │ 7 │ 7/7 │ 2/2 │   2.2″ │  13 55* 55*   8  5*  13 34*
       32 │  B   │  99.9949 │    99.2544     │     │ 7 │ 7/7 │ 1/2 │   2.3″ │ 13*  55 34*   8  5*  13 34*
       33 │  B   │  99.9953 │    99.2526     │     │ 7 │ 7/7 │ 2/2 │   1.9″ │  21  55 13*   8  5*  13 34*
       34 │  B   │  99.9978 │    99.2433     │     │ 1 │ 7/7 │ 2/2 │   4.3″ │   8  34  8*   8  5*  13 34*
       35 │  B   │  99.9989 │    99.2403     │     │ 2 │ 7/7 │ 1/2 │   1.2″ │ 34*  55 21*   8  5*  13 34*
       36 │  B   │ 100.0000 │    99.2185     │     │ 2 │ 7/7 │ 0/2 │   1.6″ │  34  21  8*   8  5*  13 34*
       37 │  B   │  99.9976 │    99.2166     │     │ 1 │ 7/7 │ 2/2 │  21.3″ │  21  2*   5   8  5*  34  55
       38 │  B   │  99.9971 │    99.1936     │     │ 1 │ 7/7 │ 1/2 │   4.2″ │  8*  13  8*   8  5*  13 34*
       39 │  B   │  99.9992 │    99.1736     │     │ 1 │ 7/7 │ 2/2 │   4.4″ │   5   8  3*   8  5*  13 34*
       40 │  C   │  99.9964 │    99.1463     │     │ 2 │ 7/7 │ 1/2 │   1.4″ │ 55*  8*  21  13  8*  21 55*
       41 │  A   │  99.9987 │    99.1268     │     │ 1 │ 7/7 │ 1/2 │   7.6″ │ 55*  21  3*   5  3*   8 55*
       42 │  B   │  99.9985 │    99.1098     │     │ 1 │ 7/7 │ 1/2 │   4.4″ │  5*   5  3*   8  5*  13 34*
       43 │  A   │  99.9996 │    99.1096     │     │ 7 │ 7/7 │ 2/2 │   5.6″ │  13  34  3*   5  3*   8 55*
       44 │  A   │  99.9965 │    99.1063     │     │ 7 │ 7/7 │ 1/2 │   3.1″ │ 21* 55*  5*   5  3*   8 55*
       45 │  A   │  99.9955 │    99.0868     │     │ 1 │ 7/7 │ 1/2 │   7.8″ │  5* 34*  8*   5  3*   8 55*
       46 │  A   │  99.9997 │    99.0860     │     │ 7 │ 7/7 │ 2/2 │   4.9″ │  55 34*  5*   5  3*   8 55*
       47 │  A   │  99.9979 │    99.0577     │     │ 6 │ 7/7 │ 2/2 │   6.5″ │ 13* 13* 13*   5  3*   8 55*
       48 │  C   │  99.9987 │    99.0360     │     │ 1 │ 7/7 │ 2/2 │   2.5″ │   5  8* 34*  13  8*  21 55*
       49 │  A   │  99.9949 │    99.0350     │     │ 1 │ 7/7 │ 1/2 │   7.7″ │  5* 13* 34*   5  3*   8 55*
       50 │  A   │  99.9996 │    99.0010     │     │ 2 │ 7/7 │ 0/2 │   3.2″ │  55  8* 55*   5  3*   8 55*
       51 │  A   │  99.9982 │    98.9984     │     │ 6 │ 7/7 │ 1/2 │   6.7″ │  21  8* 34*   5  3*   8 55*
       52 │  A   │  99.9961 │    99.9304     │     │ - │  —  │   —  │    —  │  34  8*   2   5  3*  21  34
       53 │  A   │  99.9996 │    99.8741     │     │ - │  —  │   —  │    —  │ 13* 21*   2   5  3*   8 34*
       54 │  A   │  99.9982 │    99.8429     │     │ - │  —  │   —  │    —  │  13 13*   2   5  3*   8 34*
       55 │  C   │  99.9942 │    99.6779     │     │ - │  —  │   —  │    —  │ 13*   1  55  13  8*  13 13*
       56 │  C   │  99.9964 │    99.6040     │     │ - │  —  │   —  │    —  │  55   1 55*  13  8*  13 13*
       57 │  B   │  99.9998 │    99.9809     │     │ - │  —  │   —  │    —  │  13  1* 21*   8  5*  55  21
       58 │  B   │  99.9959 │    99.9707     │     │ - │  —  │   —  │    —  │  34  1* 34*   8  5*  55  21
       59 │  B   │  99.9941 │    99.9620     │     │ - │  —  │   —  │    —  │   2  1*  5*   8  5*  55  21
       60 │  A   │  99.9996 │    99.9594     │     │ - │  —  │   —  │    —  │   1  34 34*   5  3*   8 34*
       61 │  A   │  99.9971 │    99.9242     │     │ - │  —  │   —  │    —  │   2  8*   3   5  3*  21  34
       62 │  A   │  99.9978 │    99.9042     │     │ - │  —  │   —  │    —  │  1*   8   2   5  3*   8 34*
       63 │  A   │  99.9979 │    99.8380     │     │ - │  —  │   —  │    —  │  2*   3 13*   5  3*   8 34*
       64 │  A   │  99.9972 │    99.8270     │     │ - │  —  │   —  │    —  │   3  8*   2   5  3*   8 34*
       65 │  D   │  99.9946 │    99.8123     │     │ - │  —  │   —  │    —  │  2*   2  21  21 13*  21 21*
       66 │  D   │  99.9968 │    99.8081     │     │ - │  —  │   —  │    —  │   2  13   2  21 13*  21 21*
       67 │  B   │  99.9980 │    99.7765     │     │ - │  —  │   —  │    —  │  13   8  1*   8  5*  34  55
       68 │  A   │ 100.0000 │    99.7698     │     │ - │  —  │   —  │    —  │  21  3*   1   5  3*   8 34*
       69 │  B   │  99.9953 │    99.7645     │     │ - │  —  │   —  │    —  │  1*  1*   3   8  5*  55  21
       70 │  B   │  99.9955 │    99.7559     │     │ - │  —  │   —  │    —  │  2* 34*  2*   8  5*  34  55
       71 │  B   │  99.9996 │    99.7539     │     │ - │  —  │   —  │    —  │   3  13  1*   8  5*  34  55
       72 │  A   │ 100.0000 │    99.7342     │     │ - │  —  │   —  │    —  │  5*   2  2*   5  3*   8 34*
       73 │  B   │  99.9989 │    99.7339     │     │ - │  —  │   —  │    —  │   1 21*  1*   8  5*  34  55
       74 │  B   │  99.9986 │    99.7105     │     │ - │  —  │   —  │    —  │  13  2*  1*   8  5*  55  21
       75 │  A   │  99.9976 │    99.6964     │     │ - │  —  │   —  │    —  │   1 55* 21*   5  3*  21  34
       76 │  A   │  99.9952 │    99.6871     │     │ - │  —  │   —  │    —  │   2  13 21*   5  3*  21  34
       77 │  B   │  99.9998 │    99.6346     │     │ - │  —  │   —  │    —  │  5*  2*   1   8  5*  13 34*
       78 │  B   │  99.9962 │    99.5883     │     │ - │  —  │   —  │    —  │  1*  55  3*   8  5*  13 55*
       79 │  B   │  99.9946 │    99.5847     │     │ - │  —  │   —  │    —  │ 34* 13*  2*   8  5*  13 55*
       80 │  B   │  99.9985 │    99.4825     │     │ - │  —  │   —  │    —  │  3*  8*   3   8  5*  13 34*
       81 │  A   │  99.9982 │    99.4510     │     │ - │  —  │   —  │    —  │  2*   2  2*   5  3*  21  34
       82 │  B   │  99.9989 │    99.4155     │     │ - │  —  │   —  │    —  │  3*  3*  55   8  5*  34  55
       83 │  B   │  99.9974 │    99.3690     │     │ - │  —  │   —  │    —  │  2*  3*  13   8  5*  34  55
       84 │  A   │  99.9981 │    99.3386     │     │ - │  —  │   —  │    —  │  5*  1*   3   5  3*  34  13
       85 │  B   │  99.9948 │    99.2145     │     │ - │  —  │   —  │    —  │   3  34  5*   8  5*  13 34*
       86 │  B   │  99.9944 │    99.1886     │     │ - │  —  │   —  │    —  │  1*  3*   3   8  5*  13 55*
       87 │  B   │  99.9941 │    99.1871     │     │ - │  —  │   —  │    —  │  1*   5 21*   8  5*  13 34*
       88 │  A   │  99.9969 │    99.1537     │     │ - │  —  │   —  │    —  │  34   8  2*   5  3*   8 55*
       89 │  C   │  99.9970 │    99.1423     │     │ - │  —  │   —  │    —  │  1*  55   8  13  8*  21 55*
       90 │  A   │  99.9940 │    99.1075     │     │ - │  —  │   —  │    —  │  2*  34  8*   5  3*   8 55*
       91 │  A   │  99.9997 │    99.1029     │     │ - │  —  │   —  │    —  │   3 55*  3*   5  3*   8 55*
       92 │  A   │  99.9968 │    99.0851     │     │ - │  —  │   —  │    —  │  3* 34* 13*   5  3*   8 55*
       93 │  A   │  99.9965 │    99.0819     │     │ - │  —  │   —  │    —  │  34   8  1*   5  3*  21  21
       94 │  A   │  99.9959 │    99.0515     │     │ - │  —  │   —  │    —  │  2* 34* 55*   5  3*   8 55*
       95 │  A   │  99.9982 │    99.0285     │     │ - │  —  │   —  │    —  │ 34*  8*  2*   5  3*  21  21
       96 │  A   │  99.9993 │    99.0224     │     │ - │  —  │   —  │    —  │  2*  8*  3*   5  3*  21  21
   
     ═══════════════════════════════════════════════════════════════
     ECCENTRICITY DIRECTION CHECK (sweep all n per config)
     Constraining only observationally resolvable planets:
       mercury rising, saturn falling
     (Venus/Jupiter/Uranus/Neptune trends flip sign across sub-windows;
      Earth direction is derived from its own H/16 wobble geometry.)
     ═══════════════════════════════════════════════════════════════
   
     Distribution of max ecc direction match (best n per config):
       2/2 match: 96 configs
   
     96 config(s) reach 2/2 ecc direction match (at some n):
       Scenario A: d=[13,5,34,5,3,8,34]  viable n: 4(LL✓ Dir7/7), 6(LL✓ Dir7/7)
       Scenario A: d=[21,5,55,5,3,8,34]  viable n: 4(LL✓ Dir7/7), 6(LL✓ Dir7/7)
       Scenario A: d=[8,5,21,5,3,8,34]  viable n: 4(LL✓ Dir7/7), 6(LL✓ Dir7/7)
       Scenario A: d=[21,5,55,5,3,8,34]  viable n: 1(LL✓ Dir7/7), 7(LL✓ Dir6/7)
       Scenario A: d=[13,5,34,5,3,8,34]  viable n: 1(LL✓ Dir7/7), 7(LL✓ Dir6/7)
       Scenario A: d=[21,8,8,5,3,8,34]  viable n: 1(LL✓ Dir7/7), 7(LL✓ Dir6/7)
       Scenario A: d=[8,21,3,5,3,8,34]  viable n: 4(LL✗), 6(LL✗)
       Scenario A: d=[34,34,3,5,3,8,34]  viable n: 4(LL✗), 6(LL✗)
       Scenario A: d=[55,34,3,5,3,8,34]  viable n: 4(LL✗), 6(LL✗)
       Scenario A: d=[13,55,3,5,3,21,34]  viable n: 4(LL✗), 6(LL✗)
       Scenario A: d=[21,34,5,5,3,21,34] (mirror) ◄ default  viable n: 1(LL✓ Dir7/7), 7(LL✓ Dir7/7)
       Scenario A: d=[21,55,3,5,3,8,34]  viable n: 1(LL✓ Dir7/7), 7(LL✓ Dir7/7)
       Scenario A: d=[21,21,5,5,3,21,34]  viable n: 4(LL✓ Dir6/7), 6(LL✓ Dir6/7)
       Scenario A: d=[5,13,5,5,3,21,34]  viable n: 4(LL✓ Dir6/7), 6(LL✗)
       Scenario A: d=[21,8,55,5,3,21,34]  viable n: 1(LL✓ Dir7/7), 7(LL✓ Dir6/7)
       Scenario A: d=[55,8,34,5,3,21,34]  viable n: 1(LL✓ Dir7/7), 7(LL✓ Dir6/7)
       Scenario A: d=[34,8,21,5,3,21,34]  viable n: 4(LL✓ Dir7/7), 6(LL✓ Dir7/7)
       Scenario A: d=[21,5,8,5,3,21,34]  viable n: 1(LL✓ Dir7/7), 7(LL✓ Dir6/7)
       Scenario A: d=[13,5,13,5,3,21,34]  viable n: 4(LL✓ Dir7/7), 6(LL✓ Dir7/7)
       Scenario D: d=[5,2,5,21,13,21,21]  viable n: 1(LL✓ Dir7/7), 7(LL✓ Dir5/7)
       Scenario B: d=[5,3,34,8,5,34,55]  viable n: 4(LL✓ Dir7/7), 6(LL✗)
       Scenario A: d=[13,3,3,5,3,21,34]  viable n: 4(LL✗), 6(LL✗)
       Scenario B: d=[8,13,13,8,5,13,34]  viable n: 1(LL✓ Dir7/7), 7(LL✓ Dir6/7)
       Scenario B: d=[8,34,13,8,5,13,34]  viable n: 4(LL✓ Dir7/7), 6(LL✓ Dir7/7)
       Scenario B: d=[34,21,13,8,5,13,34]  viable n: 4(LL✓ Dir7/7), 6(LL✓ Dir7/7)
       Scenario B: d=[21,34,21,8,5,13,34]  viable n: 4(LL✓ Dir7/7), 6(LL✓ Dir7/7)
       Scenario B: d=[21,55,34,8,5,13,34]  viable n: 4(LL✓ Dir7/7), 6(LL✓ Dir7/7)
       Scenario B: d=[13,3,21,8,5,13,55]  viable n: 1(LL✓ Dir7/7), 7(LL✓ Dir6/7)
       Scenario B: d=[55,55,55,8,5,13,34]  viable n: 4(LL✓ Dir7/7), 6(LL✓ Dir7/7)
       Scenario B: d=[34,3,34,8,5,13,55]  viable n: 1(LL✓ Dir7/7), 7(LL✓ Dir6/7)
       Scenario B: d=[13,55,55,8,5,13,34]  viable n: 1(LL✓ Dir7/7), 7(LL✓ Dir7/7)
       Scenario B: d=[13,55,34,8,5,13,34]  viable n: 4(LL✓ Dir7/7), 6(LL✓ Dir7/7)
       Scenario B: d=[21,55,13,8,5,13,34]  viable n: 1(LL✓ Dir7/7), 7(LL✓ Dir7/7)
       Scenario B: d=[8,34,8,8,5,13,34]  viable n: 1(LL✓ Dir7/7), 7(LL✓ Dir7/7)
       Scenario B: d=[34,55,21,8,5,13,34]  viable n: 4(LL✓ Dir7/7), 6(LL✓ Dir7/7)
       Scenario B: d=[34,21,8,8,5,13,34]  viable n: 1(LL✓ Dir7/7), 7(LL✓ Dir7/7)
       Scenario B: d=[21,2,5,8,5,34,55]  viable n: 1(LL✓ Dir7/7), 7(LL✓ Dir6/7)
       Scenario B: d=[8,13,8,8,5,13,34]  viable n: 4(LL✓ Dir7/7), 6(LL✓ Dir7/7)
       Scenario B: d=[5,8,3,8,5,13,34]  viable n: 1(LL✓ Dir7/7), 7(LL✓ Dir5/7)
       Scenario C: d=[55,8,21,13,8,21,55]  viable n: 4(LL✓ Dir7/7), 6(LL✓ Dir7/7)
       Scenario A: d=[55,21,3,5,3,8,55]  viable n: 4(LL✗), 6(LL✗)
       Scenario B: d=[5,5,3,8,5,13,34]  viable n: 4(LL✗), 6(LL✗)
       Scenario A: d=[13,34,3,5,3,8,55]  viable n: 1(LL✓ Dir7/7), 7(LL✓ Dir7/7)
       Scenario A: d=[21,55,5,5,3,8,55]  viable n: 4(LL✓ Dir6/7), 6(LL✓ Dir6/7)
       Scenario A: d=[5,34,8,5,3,8,55]  viable n: 4(LL✓ Dir7/7), 6(LL✗)
       Scenario A: d=[55,34,5,5,3,8,55]  viable n: 1(LL✓ Dir7/7), 7(LL✓ Dir7/7)
       Scenario A: d=[13,13,13,5,3,8,55]  viable n: 4(LL✓ Dir7/7), 6(LL✓ Dir7/7)
       Scenario C: d=[5,8,34,13,8,21,55]  viable n: 1(LL✓ Dir7/7), 7(LL✓ Dir5/7)
       Scenario A: d=[5,13,34,5,3,8,55]  viable n: 4(LL✓ Dir7/7), 6(LL✗)
       Scenario A: d=[55,8,55,5,3,8,55]  viable n: 1(LL✓ Dir7/7), 7(LL✓ Dir6/7)
       Scenario A: d=[21,8,34,5,3,8,55]  viable n: 1(LL✓ Dir7/7), 7(LL✓ Dir6/7)
       Scenario A: d=[34,8,2,5,3,21,34]  viable n: 1(LL✗), 7(LL✗)
       Scenario A: d=[13,21,2,5,3,8,34]  viable n: 4(LL✗), 6(LL✗)
       Scenario A: d=[13,13,2,5,3,8,34]  viable n: 1(LL✗), 7(LL✗)
       Scenario C: d=[13,1,55,13,8,13,13]  viable n: 4(LL✗), 6(LL✗)
       Scenario C: d=[55,1,55,13,8,13,13]  viable n: 1(LL✗), 7(LL✗)
       Scenario B: d=[13,1,21,8,5,55,21]  viable n: 1(LL✗), 7(LL✗)
       Scenario B: d=[34,1,34,8,5,55,21]  viable n: 1(LL✗), 7(LL✗)
       Scenario B: d=[2,1,5,8,5,55,21]  viable n: 1(LL✗), 7(LL✗)
       Scenario A: d=[1,34,34,5,3,8,34]  viable n: 1(LL✗), 7(LL✗)
       Scenario A: d=[2,8,3,5,3,21,34]  viable n: 1(LL✗), 7(LL✗)
       Scenario A: d=[1,8,2,5,3,8,34]  viable n: 4(LL✗), 6(LL✗)
       Scenario A: d=[2,3,13,5,3,8,34]  viable n: 4(LL✗), 6(LL✗)
       Scenario A: d=[3,8,2,5,3,8,34]  viable n: 1(LL✗), 7(LL✗)
       Scenario D: d=[2,2,21,21,13,21,21]  viable n: 4(LL✗), 6(LL✗)
       Scenario D: d=[2,13,2,21,13,21,21]  viable n: 1(LL✗), 7(LL✗)
       Scenario B: d=[13,8,1,8,5,34,55]  viable n: 1(LL✗), 7(LL✗)
       Scenario A: d=[21,3,1,5,3,8,34]  viable n: 1(LL✗), 7(LL✗)
       Scenario B: d=[1,1,3,8,5,55,21]  viable n: 4(LL✗), 6(LL✗)
       Scenario B: d=[2,34,2,8,5,34,55]  viable n: 4(LL✗), 6(LL✗)
       Scenario B: d=[3,13,1,8,5,34,55]  viable n: 1(LL✗), 7(LL✗)
       Scenario A: d=[5,2,2,5,3,8,34]  viable n: 4(LL✗), 6(LL✗)
       Scenario B: d=[1,21,1,8,5,34,55]  viable n: 1(LL✗), 7(LL✗)
       Scenario B: d=[13,2,1,8,5,55,21]  viable n: 1(LL✗), 7(LL✗)
       Scenario A: d=[1,55,21,5,3,21,34]  viable n: 1(LL✗), 7(LL✗)
       Scenario A: d=[2,13,21,5,3,21,34]  viable n: 1(LL✗), 7(LL✗)
       Scenario B: d=[5,2,1,8,5,13,34]  viable n: 4(LL✗), 6(LL✗)
       Scenario B: d=[1,55,3,8,5,13,55]  viable n: 4(LL✗), 6(LL✗)
       Scenario B: d=[34,13,2,8,5,13,55]  viable n: 4(LL✗), 6(LL✗)
       Scenario B: d=[3,8,3,8,5,13,34]  viable n: 4(LL✗), 6(LL✗)
       Scenario A: d=[2,2,2,5,3,21,34]  viable n: 4(LL✗), 6(LL✗)
       Scenario B: d=[3,3,55,8,5,34,55]  viable n: 4(LL✗), 6(LL✗)
       Scenario B: d=[2,3,13,8,5,34,55]  viable n: 4(LL✗), 6(LL✗)
       Scenario A: d=[5,1,3,5,3,34,13]  viable n: 4(LL✗), 6(LL✗)
       Scenario B: d=[3,34,5,8,5,13,34]  viable n: 1(LL✗), 7(LL✗)
       Scenario B: d=[1,3,3,8,5,13,55]  viable n: 4(LL✗), 6(LL✗)
       Scenario B: d=[1,5,21,8,5,13,34]  viable n: 4(LL✗), 6(LL✗)
       Scenario A: d=[34,8,2,5,3,8,55]  viable n: 1(LL✗), 7(LL✗)
       Scenario C: d=[1,55,8,13,8,21,55]  viable n: 4(LL✗), 6(LL✗)
       Scenario A: d=[2,34,8,5,3,8,55]  viable n: 4(LL✗), 6(LL✗)
       Scenario A: d=[3,55,3,5,3,8,55]  viable n: 1(LL✗), 7(LL✗)
       Scenario A: d=[3,34,13,5,3,8,55]  viable n: 4(LL✗), 6(LL✗)
       Scenario A: d=[34,8,1,5,3,21,21]  viable n: 1(LL✗), 7(LL✗)
       Scenario A: d=[2,34,55,5,3,8,55]  viable n: 4(LL✗), 6(LL✗)
       Scenario A: d=[34,8,2,5,3,21,21]  viable n: 4(LL✗), 6(LL✗)
       Scenario A: d=[2,8,3,5,3,21,21]  viable n: 4(LL✗), 6(LL✗)
   
     Default config: ecc direction match at each n:
       n=0: LL✓ Dir6/7  ecc=0/2  me:284°✗ ve:147°· ea:283°· ma: 56°· ju: 89°· sa: 94°✗ ur:121°· ne:218°·
       n=1: LL✓ Dir7/7  ecc=2/2  me:104°✓ ve:282°· ea:283°· ma:236°· ju:269°· sa:229°✓ ur:121°· ne: 38°·
       n=2: LL✓ Dir6/7  ecc=0/2  me:284°✗ ve: 57°· ea:283°· ma: 56°· ju: 89°· sa:  4°✗ ur:121°· ne:218°·
       n=3: LL✓ Dir7/7  ecc=1/2  me:104°✓ ve:192°· ea:283°· ma:236°· ju:269°· sa:139°✗ ur:121°· ne: 38°·
       n=4: LL✓ Dir6/7  ecc=1/2  me:284°✗ ve:327°· ea:283°· ma: 56°· ju: 89°· sa:274°✓ ur:121°· ne:218°·
       n=5: LL✓ Dir7/7  ecc=1/2  me:104°✓ ve:102°· ea:283°· ma:236°· ju:269°· sa: 49°✗ ur:121°· ne: 38°·
       n=6: LL✓ Dir6/7  ecc=1/2  me:284°✗ ve:237°· ea:283°· ma: 56°· ju: 89°· sa:184°✓ ur:121°· ne:218°·
       n=7: LL✓ Dir7/7  ecc=2/2  me:104°✓ ve: 12°· ea:283°· ma:236°· ju:269°· sa:319°✓ ur:121°· ne: 38°·
   
     ─── Detail: Scenario A d=[13,5,34,5,3,8,34]  ───
     Incl: 99.9972%  Ecc: 99.9992%  Anchor n=6  Dir: 7/7  Total err: 7.0″
     Planet   │ d  │ grp │ phase     │ mean     │ N    │ asc period    │ err     │ dir
     ─────────┼────┼─────┼───────────┼──────────┼──────┼───────────────┼─────────┼─────
     mercury  │ 13 │ anti │   189.5° │  6.1127° │   57 │      -47062 yr │   0.4″ │  ✓
     venus    │  5 │  in  │   308.6° │  2.5767° │    2 │    -1341268 yr │   0.3″ │  ✓
     mars     │ 34 │  in  │    56.1° │  1.6015° │   21 │     -127740 yr │   0.3″ │  ✓
     jupiter  │  5 │  in  │   242.1° │  0.3365° │   38 │      -70593 yr │   0.0″ │  ✓
     saturn   │  3 │ anti │    71.3° │  0.9864° │   38 │      -70593 yr │   5.6″ │  ✓
     uranus   │  8 │  in  │    21.3° │  1.0485° │   11 │     -243867 yr │   0.0″ │  ✓
     neptune  │ 34 │ anti │   174.0° │  0.7270° │    2 │    -1341268 yr │   0.3″ │  ✓
   
     ─── Detail: Scenario A d=[21,5,55,5,3,8,34]  ───
     Incl: 99.9988%  Ecc: 99.9936%  Anchor n=6  Dir: 7/7  Total err: 6.9″
     Planet   │ d  │ grp │ phase     │ mean     │ N    │ asc period    │ err     │ dir
     ─────────┼────┼─────┼───────────┼──────────┼──────┼───────────────┼─────────┼─────
     mercury  │ 21 │ anti │   189.5° │  6.2021° │   43 │      -62385 yr │   0.4″ │  ✓
     venus    │  5 │  in  │   308.6° │  2.5767° │    2 │    -1341268 yr │   0.3″ │  ✓
     mars     │ 55 │  in  │    56.1° │  1.6128° │   23 │     -116632 yr │   0.3″ │  ✓
     jupiter  │  5 │  in  │   242.1° │  0.3365° │   38 │      -70593 yr │   0.0″ │  ✓
     saturn   │  3 │ anti │    71.3° │  0.9864° │   38 │      -70593 yr │   5.6″ │  ✓
     uranus   │  8 │  in  │    21.3° │  1.0485° │   11 │     -243867 yr │   0.0″ │  ✓
     neptune  │ 34 │ anti │   174.0° │  0.7270° │    2 │    -1341268 yr │   0.3″ │  ✓
   
     ─── Detail: Scenario A d=[8,5,21,5,3,8,34]  ───
     Incl: 99.9951%  Ecc: 99.9901%  Anchor n=6  Dir: 7/7  Total err: 6.8″
     Planet   │ d  │ grp │ phase     │ mean     │ N    │ asc period    │ err     │ dir
     ─────────┼────┼─────┼───────────┼──────────┼──────┼───────────────┼─────────┼─────
     mercury  │  8 │ anti │   189.5° │  5.9662° │   82 │      -32714 yr │   0.5″ │  ✓
     venus    │  5 │  in  │   308.6° │  2.5767° │    2 │    -1341268 yr │   0.3″ │  ✓
     mars     │ 21 │  in  │    56.1° │  1.5831° │   18 │     -149030 yr │   0.1″ │  ✓
     jupiter  │  5 │  in  │   242.1° │  0.3365° │   38 │      -70593 yr │   0.0″ │  ✓
     saturn   │  3 │ anti │    71.3° │  0.9864° │   38 │      -70593 yr │   5.6″ │  ✓
     uranus   │  8 │  in  │    21.3° │  1.0485° │   11 │     -243867 yr │   0.0″ │  ✓
     neptune  │ 34 │ anti │   174.0° │  0.7270° │    2 │    -1341268 yr │   0.3″ │  ✓
   
     ─── Detail: Scenario A d=[21,5,55,5,3,8,34]  ───
     Incl: 99.9965%  Ecc: 99.9413%  Anchor n=6  Dir: 7/7  Total err: 6.9″
     Planet   │ d  │ grp │ phase     │ mean     │ N    │ asc period    │ err     │ dir
     ─────────┼────┼─────┼───────────┼──────────┼──────┼───────────────┼─────────┼─────
     mercury  │ 21 │  in  │     9.5° │  6.2021° │   43 │      -62385 yr │   0.4″ │  ✓
     venus    │  5 │  in  │   308.6° │  2.5767° │    2 │    -1341268 yr │   0.3″ │  ✓
     mars     │ 55 │ anti │   236.1° │  1.6128° │   23 │     -116632 yr │   0.3″ │  ✓
     jupiter  │  5 │  in  │   242.1° │  0.3365° │   38 │      -70593 yr │   0.0″ │  ✓
     saturn   │  3 │ anti │    71.3° │  0.9864° │   38 │      -70593 yr │   5.6″ │  ✓
     uranus   │  8 │  in  │    21.3° │  1.0485° │   11 │     -243867 yr │   0.0″ │  ✓
     neptune  │ 34 │ anti │   174.0° │  0.7270° │    2 │    -1341268 yr │   0.3″ │  ✓
   
     ─── Detail: Scenario A d=[13,5,34,5,3,8,34]  ───
     Incl: 99.9949%  Ecc: 99.9341%  Anchor n=6  Dir: 7/7  Total err: 7.0″
     Planet   │ d  │ grp │ phase     │ mean     │ N    │ asc period    │ err     │ dir
     ─────────┼────┼─────┼───────────┼──────────┼──────┼───────────────┼─────────┼─────
     mercury  │ 13 │  in  │     9.5° │  6.1127° │   57 │      -47062 yr │   0.4″ │  ✓
     venus    │  5 │  in  │   308.6° │  2.5767° │    2 │    -1341268 yr │   0.3″ │  ✓
     mars     │ 34 │ anti │   236.1° │  1.6015° │   21 │     -127740 yr │   0.3″ │  ✓
     jupiter  │  5 │  in  │   242.1° │  0.3365° │   38 │      -70593 yr │   0.0″ │  ✓
     saturn   │  3 │ anti │    71.3° │  0.9864° │   38 │      -70593 yr │   5.6″ │  ✓
     uranus   │  8 │  in  │    21.3° │  1.0485° │   11 │     -243867 yr │   0.0″ │  ✓
     neptune  │ 34 │ anti │   174.0° │  0.7270° │    2 │    -1341268 yr │   0.3″ │  ✓
   
   Written /home/dennis/code/3d/data/balance-presets.json: 15 deep-analysis presets (was 767 raw).
[08:25:21]    ✓ Step 7b: Balance search (presets) (2.9s)
[08:25:21] ── Step 7c: ΔT correction stack (Bond+Hallstatt+Jose5+Jose4) ──
   ═══════════════════════════════════════════════════════════════════════
     3-FLAG ΔT CORRECTION FIT — Bond + Hallstatt + Jose5
   ═══════════════════════════════════════════════════════════════════════
   
     ✓ DT_CORRECTIONS_DISABLED=1 — pure-tidal framework model.
   
     Config:
       bond      8H/1830  period=1465.87 yr  target_amp=free  structural: 74 × J-S synodic; gcd(1830, H) = 61
       hallstatt 8H/1104  period=2429.83 yr  target_amp=80 s  structural: H/138 = H/(6·23); gcd(1104, H) = 23
       jose5     8H/2989  period=897.47 yr  target_amp=50 s  structural: 5×Jose 179 yr; gcd(2989, H) = 61
       jose4     8H/3749  period=715.53 yr  target_amp=50 s  structural: 4×Jose 179 yr = 715.5 yr; gcd(3749, H) = 23. Cross-archive coherent in Steinhilber solar Φ + EPICA CO2 (see scripts/lattice_harmonic_scan.py --preset jose-family). Also degenerate with Bond/2 at ~733 yr; 4×Jose is the tighter anchor (0.083% vs 2.5%).
   
     Residual sampled: n=274 pts over years -720..2010 AD
     Raw residual RMS: 1545.4 s
   
   ── Stage A: Bond solo (unconstrained; the primary anchor) ──
     R² = 0.9971, RMS post = 56.8 s
     Bond  amp = 375.47 s  phase = 63.77°
     Bond  cos = 165.926817  sin = 336.812705
   
   ── Stage B: Bond + Hallstatt joint (Hallstatt scaled to target) ──
     R² = 0.9978, RMS post = 49.8 s
     Bond      amp = 400.11 s (Δ vs solo = 24.64)  phase = 48.91° (Δ = -14.86°)
     Hallstatt free amp = 271.94 s  phase = 96.58°
     Hallstatt CAPPED at 80 s: cos = -9.173519  sin = 79.472301
   
   ── Stage C: Bond + Hallstatt + Jose5 joint (Jose5 scaled to target) ──
     R² = 0.9997, RMS post = 19.4 s
     Bond amp = 401.52 s (Δ vs solo = 26.05)  phase Δ vs solo = -23.94°
     Hallstatt free amp = 439.87 s (Δ vs pair = 167.94)
     Jose5 free amp = 75.94 s  phase = -165.84°
     Jose5 CAPPED at 50 s: cos = -48.480681  sin = -12.232071
   
   ── Stage D: Bond + Hallstatt + Jose5 + Jose4 joint (Jose4 scaled to target) ──
     R² = 0.9998, RMS post = 13.9 s
     Bond amp = 368.85 s (Δ vs solo = -6.61)  phase Δ vs solo = -9.48°
     Hallstatt free amp = 165.60 s
     Jose5    free amp = 65.11 s
     Jose4   free amp = 35.29 s  phase = -46.24°
     Jose4 kept at free-fit 35.29 s: cos = 24.407831  sin = -25.485177
   
   ── Collinearity check ──
     ✓ No collinearity concerns detected.
   
   ── Shipped coefficients (bond=solo phase; others=cap-only) ──
     BOND      cos = 165.92681651948698
     BOND      sin = 336.8127051478866
     BOND      raw@J2000 = 144.267785
     HALLSTATT cos = -9.173518752590795
     HALLSTATT sin = 79.47230054362251
     HALLSTATT raw@J2000 = -75.302529
     JOSE5     cos = -48.48068103437995
     JOSE5     sin = -12.232071224560135
     JOSE5     raw@J2000 = -18.653331
     JOSE4    cos = 24.407831164588192
     JOSE4    sin = -25.485176686933176
     JOSE4    raw@J2000 = 31.294742
   
     ✓ Written to /home/dennis/code/3d/data/deltaT-4flag-fit.json
     (JSON only. Add --sync-code to also update src/script.js and Node/website ports.)
[08:25:21]    ✓ Step 7c: ΔT correction stack (Bond+Hallstatt+Jose5+Jose4) (0.1s)
[08:25:21] ── Step 8: Verify pipeline ──
[08:25:26]    ✗ Step 8: Verify pipeline FAILED (4.7s)
   ═══ Step 1: Constants load ═══
     ✓ Constants loaded OK
   
   ═══ Step 2: Scene graph positions ═══
     ✓ All 9 targets compute positions OK
   
   ═══ Step 3: PERI_HARMONICS consistency ═══
     ✓ PERI_HARMONICS: 25 terms match
   
   ═══ Step 4: OBLIQUITY harmonics consistency ═══
     ✓ OBLIQUITY: 16 terms match, J2000=23.439291°
   
   ═══ Step 5: CARDINAL_POINT_HARMONICS consistency ═══
     ✓ CARDINAL_POINT_HARMONICS: all 4 types match
   
   ═══ Step 6: YEAR_LENGTH harmonics consistency ═══
     ✓ YEAR_LENGTH harmonics: all 3 types match
   
   ═══ Step 7: PARALLAX corrections consistency ═══
     ✓ PARALLAX corrections: all 7 planets match
   
   ═══ Step 8: Derived planet values ═══
     ✓ All derived planet values verified
   
   ═══ Step 9: Earth geometry validation ═══
     Obliquity at J2000: 23.439291° (IAU: 23.439291111°, error: 0.0000")
     Obliquity rate: -46.8352"/cy (IAU: -46.836769"/cy, error: 0.0016")
     June solstice 2000: JD 2451716.561847 (ref: 2451716.575, diff: -18.94 min)
     e(J2000): 0.0167104542 (IAU: 0.01671022, diff: 2.34e-7)
     Perihelion longitude at J2000: 102.9470° (ref: 102.94719°, error: 0.0002°)
     Mean precession rate: 0.017178°/yr
     ERD at J2000: -0.000090°/yr (deviation from mean)
     Tropical year at J2000: 365.242189788 d (IAU: 365.2421897 d, diff: +0.008s)
       RA=0°  (VE): 365.242337380 d (IAU: 365.242374 d, diff: -3.16s)
       RA=90° (SS): 365.241627603 d (IAU: 365.241626 d, diff: 0.14s)
       RA=180°(AE): 365.242055048 d (IAU: 365.242018 d, diff: 3.20s)
       RA=270°(WS): 365.242739121 d (IAU: 365.24274 d, diff: -0.08s)
     Sidereal year at J2000: 365.256361666 d (IAU: 365.256363004 d, diff: -0.116s)
     Anomalistic year at J2000: 365.259633153 d (IAU: 365.259636 d, diff: -0.246s)
     Cardinal point JDs at J2000:
       SS: JD 2451716.575557 (2000-06-21 01:48:48)  IAU: 2451716.575  diff: +0.80 min
       WS: JD 2451900.066464 (2000-12-21 13:35:42)  IAU: 2451900.068  diff: -2.21 min
       VE: JD 2451623.817467 (2000-03-20 07:37:09)  IAU: 2451623.738  diff: +114.43 min
       AE: JD 2451810.224991 (2000-09-22 17:23:59)  IAU: 2451810.305  diff: -115.21 min
     Perihelion harmonics: 25 terms
     Obliquity harmonics: 16 terms
     Cardinal points: SS=24, WS=24, VE=24, AE=24 terms
     Year-length harmonics: tropical=12, sidereal=6, anomalistic=8 terms
     ✓ Earth geometry verified
   
   
   ═══ Step 9a: Eccentricity J2000 conformance ═══
     Planet      │ e_base       │ e_J2000      │ Diff%    │ Amp        │ Reachable │ Mode
     ────────────┼──────────────┼──────────────┼──────────┼────────────┼───────────┼──────────
     mercury     │   0.20563023 │   0.20563593 │  +0.003% │    2.34e-5 │   YES     │ phase
     venus       │   0.00770636 │   0.00677672 │ -13.718% │    9.52e-4 │   YES     │ phase
     earth       │   0.01538601 │   0.01671022 │  +7.925% │    1.36e-3 │   YES     │ phase
     mars        │   0.09164586 │   0.09339410 │  +1.872% │    3.06e-3 │   YES     │ phase
     jupiter     │   0.04838622 │   0.04838624 │  +0.000% │    1.13e-6 │   YES     │ phase
     saturn      │   0.05386582 │   0.05386179 │  -0.007% │    5.36e-6 │   YES     │ phase
     uranus      │   0.04724317 │   0.04725744 │  +0.030% │    2.80e-5 │   YES     │ phase
     neptune     │   0.00859679 │   0.00859048 │  -0.073% │    8.04e-6 │   YES     │ phase
   
     All bases derived from balanced-year phase, amplitudes from K.
     Reachable: J2000 eccentricity within [base-amp, base+amp] range
   
   ═══ Step 9b: Correction stack validation ═══
     ✓ All correction layers loaded
   
   ═══ Step 10: Baseline regression check ═══
     Target    │ Stored  │ Current │ Change  │ Status
     ──────────┼─────────┼─────────┼─────────┼───────
     moon      │  0.0015°│  0.0015°│ +0.0000°│ ok
     mercury   │  0.0790°│  0.0790°│ +0.0000°│ ok
     venus     │  0.0414°│  0.0414°│ +0.0000°│ ok
     mars      │  0.0860°│  0.0862°│ +0.0002°│ REGRESSION (max)
               │ maxRA:  0.3001→ 0.3119  maxDec:  0.8364→ 0.8399
     jupiter   │  0.0516°│  0.0516°│ +0.0000°│ ok
     saturn    │  0.0719°│  0.0719°│ +0.0000°│ ok
     uranus    │  0.0173°│  0.0173°│ +0.0000°│ ok
     neptune   │  0.0039°│  0.0039°│ +0.0000°│ ok
     sun       │  0.0033°│ (skip)  │         │ needs JPL fetch
   
     WARNING: 1 target(s) regressed! Review before accepting.
   
   ═══ Step 10b: Tier 1 (observed data) RMS ═══
     Target    │   All   │ Tier 1  │  n(T1) │ Tier 2  │  n(T2) │ Tiers present
     ──────────┼─────────┼─────────┼────────┼─────────┼────────┼──────────────
     moon      │ 0.0015° │       - │      0 │ 0.0015° │   6088 │ 2A:3105 2R:2983
     mercury   │ 0.0790° │ 0.0845° │     23 │ 0.0790° │   5094 │ 1B:23 2A:962 2B:2042 2C:1263 2R:827
     venus     │ 0.0414° │ 0.2025° │      8 │ 0.0405° │   8789 │ 1A:2 1B:6 2A:2360 2B:3905 2C:1251 2R:1273
     mars      │ 0.0862° │       - │      0 │ 0.0862° │   5181 │ 2A:988 2B:2095 2C:1251 2R:847
     jupiter   │ 0.0516° │ 0.1319° │     28 │ 0.0495° │   7467 │ 1A:13 1B:9 1D:6 2A:1861 2B:3241 2C:1251 2R:1114
     saturn    │ 0.0719° │ 0.2456° │     21 │ 0.0663° │   7466 │ 1A:12 1B:6 1D:3 2A:1861 2B:3240 2C:1251 2R:1114
     uranus    │ 0.0173° │       - │      0 │ 0.0173° │   5040 │ 2A:952 2B:2021 2C:1250 2R:817
     neptune   │ 0.0039° │ 0.0037° │     22 │ 0.0039° │   5041 │ 1A:15 1B:7 2A:952 2B:2022 2C:1250 2R:817
   
     ✓ Updated baselines.json
   
   ═══════════════════════════════════════════════════════════════
     1540 checks, 1 errors
     ✗ 1 BASELINE REGRESSION(S) — review results before proceeding
[08:25:26] 
[08:25:26] Pipeline ABORTED at Step 8: Verify pipeline
[08:25:26] 8 passed, 1 failed
